#! /usr/bin/vvp
:ivl_version "12.0 (stable)";
:ivl_delay_selection "TYPICAL";
:vpi_time_precision - 12;
:vpi_module "/usr/lib/x86_64-linux-gnu/ivl/system.vpi";
:vpi_module "/usr/lib/x86_64-linux-gnu/ivl/vhdl_sys.vpi";
:vpi_module "/usr/lib/x86_64-linux-gnu/ivl/vhdl_textio.vpi";
:vpi_module "/usr/lib/x86_64-linux-gnu/ivl/v2005_math.vpi";
:vpi_module "/usr/lib/x86_64-linux-gnu/ivl/va_math.vpi";
S_0x5bdfe9f00020 .scope module, "div_32_TB" "div_32_TB" 2 3;
 .timescale -9 -12;
P_0x5bdfe9f135e0 .param/real "DUTY_CYCLE" 0 2 15, Cr<m4000000000000000gfc1>; value=0.500000
P_0x5bdfe9f13620 .param/l "OFFSET" 0 2 16, +C4<00000000000000000000000000000000>;
P_0x5bdfe9f13660 .param/l "PERIOD" 0 2 14, +C4<00000000000000000000000000010100>;
v0x5bdfe9f3aa20_0 .var "A", 15 0;
v0x5bdfe9f3ab00_0 .var "B", 15 0;
v0x5bdfe9f3abc0_0 .var "clk", 0 0;
v0x5bdfe9f3ac60_0 .net "done", 0 0, v0x5bdfe9f37da0_0;  1 drivers
v0x5bdfe9f3ad00_0 .net "error", 0 0, v0x5bdfe9f37e40_0;  1 drivers
v0x5bdfe9f3ae40_0 .var "i", 20 0;
v0x5bdfe9f3af00_0 .net "quotient", 15 0, L_0x5bdfe9f3ba90;  1 drivers
v0x5bdfe9f3afc0_0 .net "remainder", 15 0, L_0x5bdfe9f3b9a0;  1 drivers
v0x5bdfe9f3b060_0 .var "rst", 0 0;
v0x5bdfe9f3b190_0 .var "start", 0 0;
E_0x5bdfe9ef7070 .event "reset_trigger";
E_0x5bdfe9ed4230 .event "reset_done_trigger";
S_0x5bdfe9f002a0 .scope begin, "TEST_CASE" "TEST_CASE" 2 57, 2 57 0, S_0x5bdfe9f00020;
 .timescale -9 -12;
S_0x5bdfe9ef9ce0 .scope module, "uut" "div_32" 2 13, 3 1 0, S_0x5bdfe9f00020;
 .timescale -9 -12;
    .port_info 0 /INPUT 1 "clk";
    .port_info 1 /INPUT 1 "rst";
    .port_info 2 /INPUT 1 "init";
    .port_info 3 /INPUT 16 "A";
    .port_info 4 /INPUT 16 "B";
    .port_info 5 /OUTPUT 16 "quotient";
    .port_info 6 /OUTPUT 16 "remainder";
    .port_info 7 /OUTPUT 1 "done";
    .port_info 8 /OUTPUT 1 "error";
v0x5bdfe9f39a00_0 .net "A", 15 0, v0x5bdfe9f3aa20_0;  1 drivers
v0x5bdfe9f39ae0_0 .net "B", 15 0, v0x5bdfe9f3ab00_0;  1 drivers
v0x5bdfe9f39b80_0 .net "clk", 0 0, v0x5bdfe9f3abc0_0;  1 drivers
v0x5bdfe9f39c20_0 .net "done", 0 0, v0x5bdfe9f37da0_0;  alias, 1 drivers
v0x5bdfe9f39cf0_0 .net "error", 0 0, v0x5bdfe9f37e40_0;  alias, 1 drivers
v0x5bdfe9f39de0_0 .net "init", 0 0, v0x5bdfe9f3b190_0;  1 drivers
v0x5bdfe9f39eb0_0 .net "quotient", 15 0, L_0x5bdfe9f3ba90;  alias, 1 drivers
v0x5bdfe9f39f50_0 .net "remainder", 15 0, L_0x5bdfe9f3b9a0;  alias, 1 drivers
v0x5bdfe9f39ff0_0 .net "rst", 0 0, v0x5bdfe9f3b060_0;  1 drivers
v0x5bdfe9f3a150_0 .net "w_aq", 31 0, v0x5bdfe9f18a90_0;  1 drivers
v0x5bdfe9f3a220_0 .net "w_diff", 15 0, L_0x5bdfe9f3b5e0;  1 drivers
v0x5bdfe9f3a2c0_0 .net "w_errset", 0 0, v0x5bdfe9f37f10_0;  1 drivers
v0x5bdfe9f3a3b0_0 .net "w_last", 0 0, L_0x5bdfe9f3b8b0;  1 drivers
v0x5bdfe9f3a4a0_0 .net "w_load", 0 0, v0x5bdfe9f38190_0;  1 drivers
v0x5bdfe9f3a540_0 .net "w_neg", 0 0, L_0x5bdfe9f3b6d0;  1 drivers
v0x5bdfe9f3a630_0 .net "w_setq", 0 0, v0x5bdfe9f382d0_0;  1 drivers
v0x5bdfe9f3a6d0_0 .net "w_shift", 0 0, v0x5bdfe9f383a0_0;  1 drivers
v0x5bdfe9f3a7c0_0 .net "w_z0", 0 0, L_0x5bdfe9f18c80;  1 drivers
L_0x5bdfe9f3b770 .part v0x5bdfe9f18a90_0, 16, 16;
L_0x5bdfe9f3b9a0 .part v0x5bdfe9f18a90_0, 16, 16;
L_0x5bdfe9f3ba90 .part v0x5bdfe9f18a90_0, 0, 16;
S_0x5bdfe9ef9f50 .scope module, "aq0" "reg_aq" 3 27, 4 1 0, S_0x5bdfe9ef9ce0;
 .timescale -9 -12;
    .port_info 0 /INPUT 1 "clk";
    .port_info 1 /INPUT 16 "A";
    .port_info 2 /INPUT 1 "load";
    .port_info 3 /INPUT 1 "shift";
    .port_info 4 /INPUT 1 "setq";
    .port_info 5 /INPUT 1 "neg";
    .port_info 6 /INPUT 16 "diff";
    .port_info 7 /INPUT 1 "errset";
    .port_info 8 /OUTPUT 32 "aq";
v0x5bdfe9f17800_0 .net "A", 15 0, v0x5bdfe9f3aa20_0;  alias, 1 drivers
v0x5bdfe9f18a90_0 .var "aq", 31 0;
v0x5bdfe9f18de0_0 .net "clk", 0 0, v0x5bdfe9f3abc0_0;  alias, 1 drivers
v0x5bdfe9f19220_0 .net "diff", 15 0, L_0x5bdfe9f3b5e0;  alias, 1 drivers
v0x5bdfe9f19af0_0 .net "errset", 0 0, v0x5bdfe9f37f10_0;  alias, 1 drivers
v0x5bdfe9ee2640_0 .net "load", 0 0, v0x5bdfe9f38190_0;  alias, 1 drivers
v0x5bdfe9f12f30_0 .net "neg", 0 0, L_0x5bdfe9f3b6d0;  alias, 1 drivers
v0x5bdfe9f36e20_0 .net "setq", 0 0, v0x5bdfe9f382d0_0;  alias, 1 drivers
v0x5bdfe9f36ee0_0 .net "shift", 0 0, v0x5bdfe9f383a0_0;  alias, 1 drivers
E_0x5bdfe9f1a5b0 .event negedge, v0x5bdfe9f18de0_0;
S_0x5bdfe9f370c0 .scope module, "comp0" "comp_div0" 3 24, 5 1 0, S_0x5bdfe9ef9ce0;
 .timescale -9 -12;
    .port_info 0 /INPUT 16 "B";
    .port_info 1 /OUTPUT 1 "z";
L_0x5bdfe9f18c80 .functor BUFZ 1, v0x5bdfe9f37400_0, C4<0>, C4<0>, C4<0>;
v0x5bdfe9f37300_0 .net "B", 15 0, v0x5bdfe9f3ab00_0;  alias, 1 drivers
v0x5bdfe9f37400_0 .var "tmp", 0 0;
v0x5bdfe9f374c0_0 .net "z", 0 0, L_0x5bdfe9f18c80;  alias, 1 drivers
E_0x5bdfe9f1a6c0 .event anyedge, v0x5bdfe9f37300_0;
S_0x5bdfe9f375c0 .scope module, "control0" "control_div" 3 28, 6 1 0, S_0x5bdfe9ef9ce0;
 .timescale -9 -12;
    .port_info 0 /INPUT 1 "clk";
    .port_info 1 /INPUT 1 "rst";
    .port_info 2 /INPUT 1 "init";
    .port_info 3 /INPUT 1 "z0";
    .port_info 4 /INPUT 1 "last";
    .port_info 5 /OUTPUT 1 "done";
    .port_info 6 /OUTPUT 1 "error";
    .port_info 7 /OUTPUT 1 "load";
    .port_info 8 /OUTPUT 1 "shift";
    .port_info 9 /OUTPUT 1 "setq";
    .port_info 10 /OUTPUT 1 "errset";
P_0x5bdfe9f377a0 .param/l "END" 0 6 21, C4<101>;
P_0x5bdfe9f377e0 .param/l "ERR" 0 6 22, C4<110>;
P_0x5bdfe9f37820 .param/l "LOAD" 0 6 17, C4<001>;
P_0x5bdfe9f37860 .param/l "SETQ" 0 6 20, C4<100>;
P_0x5bdfe9f378a0 .param/l "SHIFT" 0 6 19, C4<011>;
P_0x5bdfe9f378e0 .param/l "START" 0 6 16, C4<000>;
P_0x5bdfe9f37920 .param/l "ZCHECK" 0 6 18, C4<010>;
v0x5bdfe9f37ce0_0 .net "clk", 0 0, v0x5bdfe9f3abc0_0;  alias, 1 drivers
v0x5bdfe9f37da0_0 .var "done", 0 0;
v0x5bdfe9f37e40_0 .var "error", 0 0;
v0x5bdfe9f37f10_0 .var "errset", 0 0;
v0x5bdfe9f37fe0_0 .net "init", 0 0, v0x5bdfe9f3b190_0;  alias, 1 drivers
v0x5bdfe9f380d0_0 .net "last", 0 0, L_0x5bdfe9f3b8b0;  alias, 1 drivers
v0x5bdfe9f38190_0 .var "load", 0 0;
v0x5bdfe9f38230_0 .net "rst", 0 0, v0x5bdfe9f3b060_0;  alias, 1 drivers
v0x5bdfe9f382d0_0 .var "setq", 0 0;
v0x5bdfe9f383a0_0 .var "shift", 0 0;
v0x5bdfe9f38470_0 .var "state", 2 0;
v0x5bdfe9f38510_0 .var "state_name", 320 1;
v0x5bdfe9f385f0_0 .net "z0", 0 0, L_0x5bdfe9f18c80;  alias, 1 drivers
E_0x5bdfe9f1a910 .event anyedge, v0x5bdfe9f38470_0;
E_0x5bdfe9f37c80 .event posedge, v0x5bdfe9f18de0_0;
S_0x5bdfe9f38800 .scope module, "count0" "count_div" 3 26, 7 1 0, S_0x5bdfe9ef9ce0;
 .timescale -9 -12;
    .port_info 0 /INPUT 1 "clk";
    .port_info 1 /INPUT 1 "load";
    .port_info 2 /INPUT 1 "inc";
    .port_info 3 /OUTPUT 1 "last";
L_0x7f7439f290a8 .functor BUFT 1, C4<10000>, C4<0>, C4<0>, C4<0>;
v0x5bdfe9f389c0_0 .net/2u *"_ivl_0", 4 0, L_0x7f7439f290a8;  1 drivers
v0x5bdfe9f38ac0_0 .net "clk", 0 0, v0x5bdfe9f3abc0_0;  alias, 1 drivers
v0x5bdfe9f38bd0_0 .var "cnt", 4 0;
v0x5bdfe9f38c70_0 .net "inc", 0 0, v0x5bdfe9f382d0_0;  alias, 1 drivers
v0x5bdfe9f38d60_0 .net "last", 0 0, L_0x5bdfe9f3b8b0;  alias, 1 drivers
v0x5bdfe9f38e50_0 .net "load", 0 0, v0x5bdfe9f38190_0;  alias, 1 drivers
L_0x5bdfe9f3b8b0 .cmp/eq 5, v0x5bdfe9f38bd0_0, L_0x7f7439f290a8;
S_0x5bdfe9f38fa0 .scope module, "sub0" "sub_div" 3 25, 8 1 0, S_0x5bdfe9ef9ce0;
 .timescale -9 -12;
    .port_info 0 /INPUT 16 "R";
    .port_info 1 /INPUT 16 "B";
    .port_info 2 /OUTPUT 16 "diff";
    .port_info 3 /OUTPUT 1 "neg";
v0x5bdfe9f391d0_0 .net "B", 15 0, v0x5bdfe9f3ab00_0;  alias, 1 drivers
v0x5bdfe9f392b0_0 .net "R", 15 0, L_0x5bdfe9f3b770;  1 drivers
L_0x7f7439f29018 .functor BUFT 1, C4<0>, C4<0>, C4<0>, C4<0>;
v0x5bdfe9f39370_0 .net/2u *"_ivl_0", 0 0, L_0x7f7439f29018;  1 drivers
v0x5bdfe9f39430_0 .net *"_ivl_2", 16 0, L_0x5bdfe9f3b280;  1 drivers
L_0x7f7439f29060 .functor BUFT 1, C4<0>, C4<0>, C4<0>, C4<0>;
v0x5bdfe9f39510_0 .net/2u *"_ivl_4", 0 0, L_0x7f7439f29060;  1 drivers
v0x5bdfe9f39640_0 .net *"_ivl_6", 16 0, L_0x5bdfe9f3b370;  1 drivers
v0x5bdfe9f39720_0 .net "diff", 15 0, L_0x5bdfe9f3b5e0;  alias, 1 drivers
v0x5bdfe9f397e0_0 .net "neg", 0 0, L_0x5bdfe9f3b6d0;  alias, 1 drivers
v0x5bdfe9f398b0_0 .net "result", 16 0, L_0x5bdfe9f3b4a0;  1 drivers
L_0x5bdfe9f3b280 .concat [ 16 1 0 0], L_0x5bdfe9f3b770, L_0x7f7439f29018;
L_0x5bdfe9f3b370 .concat [ 16 1 0 0], v0x5bdfe9f3ab00_0, L_0x7f7439f29060;
L_0x5bdfe9f3b4a0 .arith/sub 17, L_0x5bdfe9f3b280, L_0x5bdfe9f3b370;
L_0x5bdfe9f3b5e0 .part L_0x5bdfe9f3b4a0, 0, 16;
L_0x5bdfe9f3b6d0 .part L_0x5bdfe9f3b4a0, 16, 1;
    .scope S_0x5bdfe9f370c0;
T_0 ;
    %pushi/vec4 0, 0, 1;
    %store/vec4 v0x5bdfe9f37400_0, 0, 1;
    %end;
    .thread T_0;
    .scope S_0x5bdfe9f370c0;
T_1 ;
    %wait E_0x5bdfe9f1a6c0;
    %load/vec4 v0x5bdfe9f37300_0;
    %pad/u 32;
    %cmpi/e 0, 0, 32;
    %flag_mov 8, 4;
    %jmp/0 T_1.0, 8;
    %pushi/vec4 1, 0, 1;
    %jmp/1 T_1.1, 8;
T_1.0 ; End of true expr.
    %pushi/vec4 0, 0, 1;
    %jmp/0 T_1.1, 8;
 ; End of false expr.
    %blend;
T_1.1;
    %store/vec4 v0x5bdfe9f37400_0, 0, 1;
    %jmp T_1;
    .thread T_1, $push;
    .scope S_0x5bdfe9f38800;
T_2 ;
    %pushi/vec4 0, 0, 5;
    %store/vec4 v0x5bdfe9f38bd0_0, 0, 5;
    %end;
    .thread T_2;
    .scope S_0x5bdfe9f38800;
T_3 ;
    %wait E_0x5bdfe9f1a5b0;
    %load/vec4 v0x5bdfe9f38e50_0;
    %flag_set/vec4 8;
    %jmp/0xz  T_3.0, 8;
    %pushi/vec4 0, 0, 5;
    %store/vec4 v0x5bdfe9f38bd0_0, 0, 5;
    %jmp T_3.1;
T_3.0 ;
    %load/vec4 v0x5bdfe9f38c70_0;
    %flag_set/vec4 8;
    %jmp/0xz  T_3.2, 8;
    %load/vec4 v0x5bdfe9f38bd0_0;
    %addi 1, 0, 5;
    %store/vec4 v0x5bdfe9f38bd0_0, 0, 5;
    %jmp T_3.3;
T_3.2 ;
    %load/vec4 v0x5bdfe9f38bd0_0;
    %store/vec4 v0x5bdfe9f38bd0_0, 0, 5;
T_3.3 ;
T_3.1 ;
    %jmp T_3;
    .thread T_3;
    .scope S_0x5bdfe9ef9f50;
T_4 ;
    %pushi/vec4 0, 0, 32;
    %store/vec4 v0x5bdfe9f18a90_0, 0, 32;
    %end;
    .thread T_4;
    .scope S_0x5bdfe9ef9f50;
T_5 ;
    %wait E_0x5bdfe9f1a5b0;
    %load/vec4 v0x5bdfe9f19af0_0;
    %flag_set/vec4 8;
    %jmp/0xz  T_5.0, 8;
    %load/vec4 v0x5bdfe9f17800_0;
    %concati/vec4 65535, 0, 16;
    %store/vec4 v0x5bdfe9f18a90_0, 0, 32;
    %jmp T_5.1;
T_5.0 ;
    %load/vec4 v0x5bdfe9ee2640_0;
    %flag_set/vec4 8;
    %jmp/0xz  T_5.2, 8;
    %pushi/vec4 0, 0, 16;
    %load/vec4 v0x5bdfe9f17800_0;
    %concat/vec4; draw_concat_vec4
    %store/vec4 v0x5bdfe9f18a90_0, 0, 32;
    %jmp T_5.3;
T_5.2 ;
    %load/vec4 v0x5bdfe9f36ee0_0;
    %flag_set/vec4 8;
    %jmp/0xz  T_5.4, 8;
    %load/vec4 v0x5bdfe9f18a90_0;
    %ix/load 4, 1, 0;
    %flag_set/imm 4, 0;
    %shiftl 4;
    %store/vec4 v0x5bdfe9f18a90_0, 0, 32;
    %jmp T_5.5;
T_5.4 ;
    %load/vec4 v0x5bdfe9f36e20_0;
    %flag_set/vec4 8;
    %jmp/0xz  T_5.6, 8;
    %load/vec4 v0x5bdfe9f12f30_0;
    %flag_set/vec4 8;
    %jmp/0xz  T_5.8, 8;
    %pushi/vec4 0, 0, 1;
    %ix/load 4, 0, 0;
    %flag_set/imm 4, 0;
    %store/vec4 v0x5bdfe9f18a90_0, 4, 1;
    %jmp T_5.9;
T_5.8 ;
    %load/vec4 v0x5bdfe9f19220_0;
    %ix/load 4, 16, 0;
    %flag_set/imm 4, 0;
    %store/vec4 v0x5bdfe9f18a90_0, 4, 16;
    %pushi/vec4 1, 0, 1;
    %ix/load 4, 0, 0;
    %flag_set/imm 4, 0;
    %store/vec4 v0x5bdfe9f18a90_0, 4, 1;
T_5.9 ;
    %jmp T_5.7;
T_5.6 ;
    %load/vec4 v0x5bdfe9f18a90_0;
    %store/vec4 v0x5bdfe9f18a90_0, 0, 32;
T_5.7 ;
T_5.5 ;
T_5.3 ;
T_5.1 ;
    %jmp T_5;
    .thread T_5;
    .scope S_0x5bdfe9f375c0;
T_6 ;
    %pushi/vec4 0, 0, 1;
    %store/vec4 v0x5bdfe9f37da0_0, 0, 1;
    %pushi/vec4 0, 0, 1;
    %store/vec4 v0x5bdfe9f37e40_0, 0, 1;
    %pushi/vec4 0, 0, 1;
    %store/vec4 v0x5bdfe9f38190_0, 0, 1;
    %pushi/vec4 0, 0, 1;
    %store/vec4 v0x5bdfe9f383a0_0, 0, 1;
    %pushi/vec4 0, 0, 1;
    %store/vec4 v0x5bdfe9f382d0_0, 0, 1;
    %pushi/vec4 0, 0, 1;
    %store/vec4 v0x5bdfe9f37f10_0, 0, 1;
    %pushi/vec4 0, 0, 3;
    %store/vec4 v0x5bdfe9f38470_0, 0, 3;
    %end;
    .thread T_6;
    .scope S_0x5bdfe9f375c0;
T_7 ;
    %wait E_0x5bdfe9f37c80;
    %load/vec4 v0x5bdfe9f38230_0;
    %flag_set/vec4 8;
    %jmp/0xz  T_7.0, 8;
    %pushi/vec4 0, 0, 3;
    %store/vec4 v0x5bdfe9f38470_0, 0, 3;
    %jmp T_7.1;
T_7.0 ;
    %load/vec4 v0x5bdfe9f38470_0;
    %dup/vec4;
    %pushi/vec4 0, 0, 3;
    %cmp/u;
    %jmp/1 T_7.2, 6;
    %dup/vec4;
    %pushi/vec4 1, 0, 3;
    %cmp/u;
    %jmp/1 T_7.3, 6;
    %dup/vec4;
    %pushi/vec4 2, 0, 3;
    %cmp/u;
    %jmp/1 T_7.4, 6;
    %dup/vec4;
    %pushi/vec4 3, 0, 3;
    %cmp/u;
    %jmp/1 T_7.5, 6;
    %dup/vec4;
    %pushi/vec4 4, 0, 3;
    %cmp/u;
    %jmp/1 T_7.6, 6;
    %dup/vec4;
    %pushi/vec4 5, 0, 3;
    %cmp/u;
    %jmp/1 T_7.7, 6;
    %dup/vec4;
    %pushi/vec4 6, 0, 3;
    %cmp/u;
    %jmp/1 T_7.8, 6;
    %pushi/vec4 0, 0, 3;
    %store/vec4 v0x5bdfe9f38470_0, 0, 3;
    %jmp T_7.10;
T_7.2 ;
    %load/vec4 v0x5bdfe9f37fe0_0;
    %flag_set/vec4 8;
    %jmp/0xz  T_7.11, 8;
    %pushi/vec4 1, 0, 3;
    %store/vec4 v0x5bdfe9f38470_0, 0, 3;
    %jmp T_7.12;
T_7.11 ;
    %pushi/vec4 0, 0, 3;
    %store/vec4 v0x5bdfe9f38470_0, 0, 3;
T_7.12 ;
    %jmp T_7.10;
T_7.3 ;
    %pushi/vec4 2, 0, 3;
    %store/vec4 v0x5bdfe9f38470_0, 0, 3;
    %jmp T_7.10;
T_7.4 ;
    %load/vec4 v0x5bdfe9f385f0_0;
    %flag_set/vec4 8;
    %jmp/0xz  T_7.13, 8;
    %pushi/vec4 6, 0, 3;
    %store/vec4 v0x5bdfe9f38470_0, 0, 3;
    %jmp T_7.14;
T_7.13 ;
    %pushi/vec4 3, 0, 3;
    %store/vec4 v0x5bdfe9f38470_0, 0, 3;
T_7.14 ;
    %jmp T_7.10;
T_7.5 ;
    %pushi/vec4 4, 0, 3;
    %store/vec4 v0x5bdfe9f38470_0, 0, 3;
    %jmp T_7.10;
T_7.6 ;
    %load/vec4 v0x5bdfe9f380d0_0;
    %flag_set/vec4 8;
    %jmp/0xz  T_7.15, 8;
    %pushi/vec4 5, 0, 3;
    %store/vec4 v0x5bdfe9f38470_0, 0, 3;
    %jmp T_7.16;
T_7.15 ;
    %pushi/vec4 3, 0, 3;
    %store/vec4 v0x5bdfe9f38470_0, 0, 3;
T_7.16 ;
    %jmp T_7.10;
T_7.7 ;
    %load/vec4 v0x5bdfe9f37fe0_0;
    %flag_set/vec4 8;
    %jmp/0xz  T_7.17, 8;
    %pushi/vec4 0, 0, 3;
    %store/vec4 v0x5bdfe9f38470_0, 0, 3;
    %jmp T_7.18;
T_7.17 ;
    %pushi/vec4 5, 0, 3;
    %store/vec4 v0x5bdfe9f38470_0, 0, 3;
T_7.18 ;
    %jmp T_7.10;
T_7.8 ;
    %load/vec4 v0x5bdfe9f37fe0_0;
    %flag_set/vec4 8;
    %jmp/0xz  T_7.19, 8;
    %pushi/vec4 0, 0, 3;
    %store/vec4 v0x5bdfe9f38470_0, 0, 3;
    %jmp T_7.20;
T_7.19 ;
    %pushi/vec4 6, 0, 3;
    %store/vec4 v0x5bdfe9f38470_0, 0, 3;
T_7.20 ;
    %jmp T_7.10;
T_7.10 ;
    %pop/vec4 1;
T_7.1 ;
    %jmp T_7;
    .thread T_7;
    .scope S_0x5bdfe9f375c0;
T_8 ;
    %wait E_0x5bdfe9f1a910;
    %load/vec4 v0x5bdfe9f38470_0;
    %dup/vec4;
    %pushi/vec4 0, 0, 3;
    %cmp/u;
    %jmp/1 T_8.0, 6;
    %dup/vec4;
    %pushi/vec4 1, 0, 3;
    %cmp/u;
    %jmp/1 T_8.1, 6;
    %dup/vec4;
    %pushi/vec4 2, 0, 3;
    %cmp/u;
    %jmp/1 T_8.2, 6;
    %dup/vec4;
    %pushi/vec4 3, 0, 3;
    %cmp/u;
    %jmp/1 T_8.3, 6;
    %dup/vec4;
    %pushi/vec4 4, 0, 3;
    %cmp/u;
    %jmp/1 T_8.4, 6;
    %dup/vec4;
    %pushi/vec4 5, 0, 3;
    %cmp/u;
    %jmp/1 T_8.5, 6;
    %dup/vec4;
    %pushi/vec4 6, 0, 3;
    %cmp/u;
    %jmp/1 T_8.6, 6;
    %pushi/vec4 0, 0, 1;
    %store/vec4 v0x5bdfe9f37da0_0, 0, 1;
    %pushi/vec4 0, 0, 1;
    %store/vec4 v0x5bdfe9f37e40_0, 0, 1;
    %pushi/vec4 1, 0, 1;
    %store/vec4 v0x5bdfe9f38190_0, 0, 1;
    %pushi/vec4 0, 0, 1;
    %store/vec4 v0x5bdfe9f383a0_0, 0, 1;
    %pushi/vec4 0, 0, 1;
    %store/vec4 v0x5bdfe9f382d0_0, 0, 1;
    %pushi/vec4 0, 0, 1;
    %store/vec4 v0x5bdfe9f37f10_0, 0, 1;
    %jmp T_8.8;
T_8.0 ;
    %pushi/vec4 0, 0, 1;
    %store/vec4 v0x5bdfe9f37da0_0, 0, 1;
    %pushi/vec4 0, 0, 1;
    %store/vec4 v0x5bdfe9f37e40_0, 0, 1;
    %pushi/vec4 0, 0, 1;
    %store/vec4 v0x5bdfe9f38190_0, 0, 1;
    %pushi/vec4 0, 0, 1;
    %store/vec4 v0x5bdfe9f383a0_0, 0, 1;
    %pushi/vec4 0, 0, 1;
    %store/vec4 v0x5bdfe9f382d0_0, 0, 1;
    %pushi/vec4 0, 0, 1;
    %store/vec4 v0x5bdfe9f37f10_0, 0, 1;
    %jmp T_8.8;
T_8.1 ;
    %pushi/vec4 0, 0, 1;
    %store/vec4 v0x5bdfe9f37da0_0, 0, 1;
    %pushi/vec4 0, 0, 1;
    %store/vec4 v0x5bdfe9f37e40_0, 0, 1;
    %pushi/vec4 1, 0, 1;
    %store/vec4 v0x5bdfe9f38190_0, 0, 1;
    %pushi/vec4 0, 0, 1;
    %store/vec4 v0x5bdfe9f383a0_0, 0, 1;
    %pushi/vec4 0, 0, 1;
    %store/vec4 v0x5bdfe9f382d0_0, 0, 1;
    %pushi/vec4 0, 0, 1;
    %store/vec4 v0x5bdfe9f37f10_0, 0, 1;
    %jmp T_8.8;
T_8.2 ;
    %pushi/vec4 0, 0, 1;
    %store/vec4 v0x5bdfe9f37da0_0, 0, 1;
    %pushi/vec4 0, 0, 1;
    %store/vec4 v0x5bdfe9f37e40_0, 0, 1;
    %pushi/vec4 0, 0, 1;
    %store/vec4 v0x5bdfe9f38190_0, 0, 1;
    %pushi/vec4 0, 0, 1;
    %store/vec4 v0x5bdfe9f383a0_0, 0, 1;
    %pushi/vec4 0, 0, 1;
    %store/vec4 v0x5bdfe9f382d0_0, 0, 1;
    %pushi/vec4 0, 0, 1;
    %store/vec4 v0x5bdfe9f37f10_0, 0, 1;
    %jmp T_8.8;
T_8.3 ;
    %pushi/vec4 0, 0, 1;
    %store/vec4 v0x5bdfe9f37da0_0, 0, 1;
    %pushi/vec4 0, 0, 1;
    %store/vec4 v0x5bdfe9f37e40_0, 0, 1;
    %pushi/vec4 0, 0, 1;
    %store/vec4 v0x5bdfe9f38190_0, 0, 1;
    %pushi/vec4 1, 0, 1;
    %store/vec4 v0x5bdfe9f383a0_0, 0, 1;
    %pushi/vec4 0, 0, 1;
    %store/vec4 v0x5bdfe9f382d0_0, 0, 1;
    %pushi/vec4 0, 0, 1;
    %store/vec4 v0x5bdfe9f37f10_0, 0, 1;
    %jmp T_8.8;
T_8.4 ;
    %pushi/vec4 0, 0, 1;
    %store/vec4 v0x5bdfe9f37da0_0, 0, 1;
    %pushi/vec4 0, 0, 1;
    %store/vec4 v0x5bdfe9f37e40_0, 0, 1;
    %pushi/vec4 0, 0, 1;
    %store/vec4 v0x5bdfe9f38190_0, 0, 1;
    %pushi/vec4 0, 0, 1;
    %store/vec4 v0x5bdfe9f383a0_0, 0, 1;
    %pushi/vec4 1, 0, 1;
    %store/vec4 v0x5bdfe9f382d0_0, 0, 1;
    %pushi/vec4 0, 0, 1;
    %store/vec4 v0x5bdfe9f37f10_0, 0, 1;
    %jmp T_8.8;
T_8.5 ;
    %pushi/vec4 1, 0, 1;
    %store/vec4 v0x5bdfe9f37da0_0, 0, 1;
    %pushi/vec4 0, 0, 1;
    %store/vec4 v0x5bdfe9f37e40_0, 0, 1;
    %pushi/vec4 0, 0, 1;
    %store/vec4 v0x5bdfe9f38190_0, 0, 1;
    %pushi/vec4 0, 0, 1;
    %store/vec4 v0x5bdfe9f383a0_0, 0, 1;
    %pushi/vec4 0, 0, 1;
    %store/vec4 v0x5bdfe9f382d0_0, 0, 1;
    %pushi/vec4 0, 0, 1;
    %store/vec4 v0x5bdfe9f37f10_0, 0, 1;
    %jmp T_8.8;
T_8.6 ;
    %pushi/vec4 1, 0, 1;
    %store/vec4 v0x5bdfe9f37da0_0, 0, 1;
    %pushi/vec4 1, 0, 1;
    %store/vec4 v0x5bdfe9f37e40_0, 0, 1;
    %pushi/vec4 0, 0, 1;
    %store/vec4 v0x5bdfe9f38190_0, 0, 1;
    %pushi/vec4 0, 0, 1;
    %store/vec4 v0x5bdfe9f383a0_0, 0, 1;
    %pushi/vec4 0, 0, 1;
    %store/vec4 v0x5bdfe9f382d0_0, 0, 1;
    %pushi/vec4 1, 0, 1;
    %store/vec4 v0x5bdfe9f37f10_0, 0, 1;
    %jmp T_8.8;
T_8.8 ;
    %pop/vec4 1;
    %jmp T_8;
    .thread T_8, $push;
    .scope S_0x5bdfe9f375c0;
T_9 ;
    %wait E_0x5bdfe9f1a910;
    %load/vec4 v0x5bdfe9f38470_0;
    %dup/vec4;
    %pushi/vec4 0, 0, 3;
    %cmp/u;
    %jmp/1 T_9.0, 6;
    %dup/vec4;
    %pushi/vec4 1, 0, 3;
    %cmp/u;
    %jmp/1 T_9.1, 6;
    %dup/vec4;
    %pushi/vec4 2, 0, 3;
    %cmp/u;
    %jmp/1 T_9.2, 6;
    %dup/vec4;
    %pushi/vec4 3, 0, 3;
    %cmp/u;
    %jmp/1 T_9.3, 6;
    %dup/vec4;
    %pushi/vec4 4, 0, 3;
    %cmp/u;
    %jmp/1 T_9.4, 6;
    %dup/vec4;
    %pushi/vec4 5, 0, 3;
    %cmp/u;
    %jmp/1 T_9.5, 6;
    %dup/vec4;
    %pushi/vec4 6, 0, 3;
    %cmp/u;
    %jmp/1 T_9.6, 6;
    %jmp T_9.7;
T_9.0 ;
    %pushi/vec4 0, 0, 32; draw_string_vec4
    %pushi/vec4 0, 0, 32; draw_string_vec4
    %concat/vec4; draw_string_vec4
    %pushi/vec4 0, 0, 32; draw_string_vec4
    %concat/vec4; draw_string_vec4
    %pushi/vec4 0, 0, 32; draw_string_vec4
    %concat/vec4; draw_string_vec4
    %pushi/vec4 0, 0, 32; draw_string_vec4
    %concat/vec4; draw_string_vec4
    %pushi/vec4 0, 0, 32; draw_string_vec4
    %concat/vec4; draw_string_vec4
    %pushi/vec4 0, 0, 32; draw_string_vec4
    %concat/vec4; draw_string_vec4
    %pushi/vec4 0, 0, 32; draw_string_vec4
    %concat/vec4; draw_string_vec4
    %pushi/vec4 83, 0, 32; draw_string_vec4
    %concat/vec4; draw_string_vec4
    %pushi/vec4 1413567060, 0, 32; draw_string_vec4
    %concat/vec4; draw_string_vec4
    %store/vec4 v0x5bdfe9f38510_0, 0, 320;
    %jmp T_9.7;
T_9.1 ;
    %pushi/vec4 0, 0, 32; draw_string_vec4
    %pushi/vec4 0, 0, 32; draw_string_vec4
    %concat/vec4; draw_string_vec4
    %pushi/vec4 0, 0, 32; draw_string_vec4
    %concat/vec4; draw_string_vec4
    %pushi/vec4 0, 0, 32; draw_string_vec4
    %concat/vec4; draw_string_vec4
    %pushi/vec4 0, 0, 32; draw_string_vec4
    %concat/vec4; draw_string_vec4
    %pushi/vec4 0, 0, 32; draw_string_vec4
    %concat/vec4; draw_string_vec4
    %pushi/vec4 0, 0, 32; draw_string_vec4
    %concat/vec4; draw_string_vec4
    %pushi/vec4 0, 0, 32; draw_string_vec4
    %concat/vec4; draw_string_vec4
    %pushi/vec4 0, 0, 32; draw_string_vec4
    %concat/vec4; draw_string_vec4
    %pushi/vec4 1280262468, 0, 32; draw_string_vec4
    %concat/vec4; draw_string_vec4
    %store/vec4 v0x5bdfe9f38510_0, 0, 320;
    %jmp T_9.7;
T_9.2 ;
    %pushi/vec4 0, 0, 32; draw_string_vec4
    %pushi/vec4 0, 0, 32; draw_string_vec4
    %concat/vec4; draw_string_vec4
    %pushi/vec4 0, 0, 32; draw_string_vec4
    %concat/vec4; draw_string_vec4
    %pushi/vec4 0, 0, 32; draw_string_vec4
    %concat/vec4; draw_string_vec4
    %pushi/vec4 0, 0, 32; draw_string_vec4
    %concat/vec4; draw_string_vec4
    %pushi/vec4 0, 0, 32; draw_string_vec4
    %concat/vec4; draw_string_vec4
    %pushi/vec4 0, 0, 32; draw_string_vec4
    %concat/vec4; draw_string_vec4
    %pushi/vec4 0, 0, 32; draw_string_vec4
    %concat/vec4; draw_string_vec4
    %pushi/vec4 23107, 0, 32; draw_string_vec4
    %concat/vec4; draw_string_vec4
    %pushi/vec4 1212498763, 0, 32; draw_string_vec4
    %concat/vec4; draw_string_vec4
    %store/vec4 v0x5bdfe9f38510_0, 0, 320;
    %jmp T_9.7;
T_9.3 ;
    %pushi/vec4 0, 0, 32; draw_string_vec4
    %pushi/vec4 0, 0, 32; draw_string_vec4
    %concat/vec4; draw_string_vec4
    %pushi/vec4 0, 0, 32; draw_string_vec4
    %concat/vec4; draw_string_vec4
    %pushi/vec4 0, 0, 32; draw_string_vec4
    %concat/vec4; draw_string_vec4
    %pushi/vec4 0, 0, 32; draw_string_vec4
    %concat/vec4; draw_string_vec4
    %pushi/vec4 0, 0, 32; draw_string_vec4
    %concat/vec4; draw_string_vec4
    %pushi/vec4 0, 0, 32; draw_string_vec4
    %concat/vec4; draw_string_vec4
    %pushi/vec4 0, 0, 32; draw_string_vec4
    %concat/vec4; draw_string_vec4
    %pushi/vec4 83, 0, 32; draw_string_vec4
    %concat/vec4; draw_string_vec4
    %pushi/vec4 1212761684, 0, 32; draw_string_vec4
    %concat/vec4; draw_string_vec4
    %store/vec4 v0x5bdfe9f38510_0, 0, 320;
    %jmp T_9.7;
T_9.4 ;
    %pushi/vec4 0, 0, 32; draw_string_vec4
    %pushi/vec4 0, 0, 32; draw_string_vec4
    %concat/vec4; draw_string_vec4
    %pushi/vec4 0, 0, 32; draw_string_vec4
    %concat/vec4; draw_string_vec4
    %pushi/vec4 0, 0, 32; draw_string_vec4
    %concat/vec4; draw_string_vec4
    %pushi/vec4 0, 0, 32; draw_string_vec4
    %concat/vec4; draw_string_vec4
    %pushi/vec4 0, 0, 32; draw_string_vec4
    %concat/vec4; draw_string_vec4
    %pushi/vec4 0, 0, 32; draw_string_vec4
    %concat/vec4; draw_string_vec4
    %pushi/vec4 0, 0, 32; draw_string_vec4
    %concat/vec4; draw_string_vec4
    %pushi/vec4 0, 0, 32; draw_string_vec4
    %concat/vec4; draw_string_vec4
    %pushi/vec4 1397052497, 0, 32; draw_string_vec4
    %concat/vec4; draw_string_vec4
    %store/vec4 v0x5bdfe9f38510_0, 0, 320;
    %jmp T_9.7;
T_9.5 ;
    %pushi/vec4 0, 0, 32; draw_string_vec4
    %pushi/vec4 0, 0, 32; draw_string_vec4
    %concat/vec4; draw_string_vec4
    %pushi/vec4 0, 0, 32; draw_string_vec4
    %concat/vec4; draw_string_vec4
    %pushi/vec4 0, 0, 32; draw_string_vec4
    %concat/vec4; draw_string_vec4
    %pushi/vec4 0, 0, 32; draw_string_vec4
    %concat/vec4; draw_string_vec4
    %pushi/vec4 0, 0, 32; draw_string_vec4
    %concat/vec4; draw_string_vec4
    %pushi/vec4 0, 0, 32; draw_string_vec4
    %concat/vec4; draw_string_vec4
    %pushi/vec4 0, 0, 32; draw_string_vec4
    %concat/vec4; draw_string_vec4
    %pushi/vec4 0, 0, 32; draw_string_vec4
    %concat/vec4; draw_string_vec4
    %pushi/vec4 4542020, 0, 32; draw_string_vec4
    %concat/vec4; draw_string_vec4
    %store/vec4 v0x5bdfe9f38510_0, 0, 320;
    %jmp T_9.7;
T_9.6 ;
    %pushi/vec4 0, 0, 32; draw_string_vec4
    %pushi/vec4 0, 0, 32; draw_string_vec4
    %concat/vec4; draw_string_vec4
    %pushi/vec4 0, 0, 32; draw_string_vec4
    %concat/vec4; draw_string_vec4
    %pushi/vec4 0, 0, 32; draw_string_vec4
    %concat/vec4; draw_string_vec4
    %pushi/vec4 0, 0, 32; draw_string_vec4
    %concat/vec4; draw_string_vec4
    %pushi/vec4 0, 0, 32; draw_string_vec4
    %concat/vec4; draw_string_vec4
    %pushi/vec4 0, 0, 32; draw_string_vec4
    %concat/vec4; draw_string_vec4
    %pushi/vec4 0, 0, 32; draw_string_vec4
    %concat/vec4; draw_string_vec4
    %pushi/vec4 0, 0, 32; draw_string_vec4
    %concat/vec4; draw_string_vec4
    %pushi/vec4 4543058, 0, 32; draw_string_vec4
    %concat/vec4; draw_string_vec4
    %store/vec4 v0x5bdfe9f38510_0, 0, 320;
    %jmp T_9.7;
T_9.7 ;
    %pop/vec4 1;
    %jmp T_9;
    .thread T_9, $push;
    .scope S_0x5bdfe9f00020;
T_10 ;
T_10.0 ;
    %wait E_0x5bdfe9ef7070;
    %wait E_0x5bdfe9f1a5b0;
    %pushi/vec4 1, 0, 1;
    %store/vec4 v0x5bdfe9f3b060_0, 0, 1;
    %wait E_0x5bdfe9f1a5b0;
    %pushi/vec4 0, 0, 1;
    %store/vec4 v0x5bdfe9f3b060_0, 0, 1;
    %event E_0x5bdfe9ed4230;
    %jmp T_10.0;
    %end;
    .thread T_10;
    .scope S_0x5bdfe9f00020;
T_11 ;
    %pushi/vec4 0, 0, 1;
    %store/vec4 v0x5bdfe9f3abc0_0, 0, 1;
    %pushi/vec4 1, 0, 1;
    %store/vec4 v0x5bdfe9f3b060_0, 0, 1;
    %pushi/vec4 0, 0, 1;
    %store/vec4 v0x5bdfe9f3b190_0, 0, 1;
    %pushi/vec4 10, 0, 16;
    %store/vec4 v0x5bdfe9f3aa20_0, 0, 16;
    %pushi/vec4 3, 0, 16;
    %store/vec4 v0x5bdfe9f3ab00_0, 0, 16;
    %end;
    .thread T_11;
    .scope S_0x5bdfe9f00020;
T_12 ;
    %delay 0, 0;
T_12.0 ;
    %pushi/vec4 0, 0, 1;
    %store/vec4 v0x5bdfe9f3abc0_0, 0, 1;
    %delay 10000, 0;
    %pushi/vec4 1, 0, 1;
    %store/vec4 v0x5bdfe9f3abc0_0, 0, 1;
    %delay 10000, 0;
    %jmp T_12.0;
    %end;
    .thread T_12;
    .scope S_0x5bdfe9f00020;
T_13 ;
    %delay 10000, 0;
    %event E_0x5bdfe9ef7070;
    %wait E_0x5bdfe9ed4230;
    %wait E_0x5bdfe9f37c80;
    %pushi/vec4 0, 0, 1;
    %store/vec4 v0x5bdfe9f3b190_0, 0, 1;
    %wait E_0x5bdfe9f37c80;
    %pushi/vec4 1, 0, 1;
    %store/vec4 v0x5bdfe9f3b190_0, 0, 1;
    %pushi/vec4 0, 0, 21;
    %store/vec4 v0x5bdfe9f3ae40_0, 0, 21;
T_13.0 ;
    %load/vec4 v0x5bdfe9f3ae40_0;
    %pad/u 32;
    %cmpi/u 2, 0, 32;
    %jmp/0xz T_13.1, 5;
    %wait E_0x5bdfe9f37c80;
    %load/vec4 v0x5bdfe9f3ae40_0;
    %addi 1, 0, 21;
    %store/vec4 v0x5bdfe9f3ae40_0, 0, 21;
    %jmp T_13.0;
T_13.1 ;
    %pushi/vec4 0, 0, 1;
    %store/vec4 v0x5bdfe9f3b190_0, 0, 1;
    %pushi/vec4 0, 0, 21;
    %store/vec4 v0x5bdfe9f3ae40_0, 0, 21;
T_13.2 ;
    %load/vec4 v0x5bdfe9f3ae40_0;
    %pad/u 32;
    %cmpi/u 40, 0, 32;
    %jmp/0xz T_13.3, 5;
    %wait E_0x5bdfe9f37c80;
    %load/vec4 v0x5bdfe9f3ae40_0;
    %addi 1, 0, 21;
    %store/vec4 v0x5bdfe9f3ae40_0, 0, 21;
    %jmp T_13.2;
T_13.3 ;
    %end;
    .thread T_13;
    .scope S_0x5bdfe9f00020;
T_14 ;
    %fork t_1, S_0x5bdfe9f002a0;
    %jmp t_0;
    .scope S_0x5bdfe9f002a0;
t_1 ;
    %vpi_call 2 58 "$dumpfile", "div_32_TB.vcd" {0 0 0};
    %vpi_call 2 59 "$dumpvars", 32'sb11111111111111111111111111111111, S_0x5bdfe9ef9ce0 {0 0 0};
    %delay 1600000, 0;
    %vpi_call 2 60 "$finish" {0 0 0};
    %end;
    .scope S_0x5bdfe9f00020;
t_0 %join;
    %end;
    .thread T_14;
# The file index is used to find the file name in the following table.
:file_names 9;
    "N/A";
    "<interactive>";
    "div_32_TB.v";
    "div_32.v";
    "reg_aq.v";
    "comp_div0.v";
    "control_div.v";
    "count_div.v";
    "sub_div.v";
